Using pre-set license
Built from '2020.3/release' branch; Version is '2020.3.2f1 (8fd9074bf66c) revision 9427207'; Using compiler version '192528614'; Build Type 'Release'
OS: 'Windows 10 Pro; OS build 19041.928; Version 2004; 64bit' Language: 'fr' Physical Memory: 32680 MB
BatchMode: 1, IsHumanControllingUs: 0, StartBugReporterOnCrash: 0, Is64bit: 1, IsPro: 0

 COMMAND LINE ARGUMENTS:
C:\Program Files\Unity\Hub\Editor\2020.3.2f1\Editor\Unity.exe
-adb2
-batchMode
-noUpm
-name
AssetImportWorker0
-projectPath
C:/Users/MVP PatateChaude/V2_Maze
-logFile
Logs/AssetImportWorker0.log
-srvPort
55855
Successfully changed project path to: C:/Users/MVP PatateChaude/V2_Maze
C:/Users/MVP PatateChaude/V2_Maze
Using Asset Import Pipeline V2.
Refreshing native plugins compatible for Editor in 21.19 ms, found 0 plugins.
Preloading 0 native plugins for Editor in 0.00 ms.
Initialize engine version: 2020.3.2f1 (8fd9074bf66c)
[Subsystems] Discovering subsystems at path C:/Program Files/Unity/Hub/Editor/2020.3.2f1/Editor/Data/Resources/UnitySubsystems
[Subsystems] Discovering subsystems at path C:/Users/MVP PatateChaude/V2_Maze/Assets
GfxDevice: creating device client; threaded=0
Direct3D:
    Version:  Direct3D 11.0 [level 11.1]
    Renderer: Radeon RX 580 Series (ID=0x67df)
    Vendor:   
    VRAM:     8171 MB
    Driver:   27.20.14501.18003
Initialize mono
Mono path[0] = 'C:/Program Files/Unity/Hub/Editor/2020.3.2f1/Editor/Data/Managed'
Mono path[1] = 'C:/Program Files/Unity/Hub/Editor/2020.3.2f1/Editor/Data/MonoBleedingEdge/lib/mono/unityjit'
Mono config path = 'C:/Program Files/Unity/Hub/Editor/2020.3.2f1/Editor/Data/MonoBleedingEdge/etc'
Using monoOptions --debugger-agent=transport=dt_socket,embedding=1,server=y,suspend=n,address=127.0.0.1:56040
Begin MonoManager ReloadAssembly
Registering precompiled unity dll's ...
Register platform support module: C:/Program Files/Unity/Hub/Editor/2020.3.2f1/Editor/Data/PlaybackEngines/WebGLSupport/UnityEditor.WebGL.Extensions.dll
Register platform support module: C:/Program Files/Unity/Hub/Editor/2020.3.2f1/Editor/Data/PlaybackEngines/WindowsStandaloneSupport/UnityEditor.WindowsStandalone.Extensions.dll
Registered in 0.001834 seconds.
Native extension for WindowsStandalone target not found
Native extension for WebGL target not found
Refreshing native plugins compatible for Editor in 21.63 ms, found 0 plugins.
Preloading 0 native plugins for Editor in 0.00 ms.
Invoked RoslynAnalysisRunner static constructor.
RoslynAnalysisRunner will not be running.
RoslynAnalysisRunner has terminated.
Mono: successfully reloaded assembly
- Completed reload, in  0.963 seconds
Platform modules already initialized, skipping
Registering precompiled user dll's ...
Registered in 0.000563 seconds.
Begin MonoManager ReloadAssembly
Native extension for WindowsStandalone target not found
Native extension for WebGL target not found
Refreshing native plugins compatible for Editor in 0.20 ms, found 0 plugins.
Preloading 0 native plugins for Editor in 0.00 ms.
Invoked RoslynAnalysisRunner static constructor.
RoslynAnalysisRunner will not be running.
RoslynAnalysisRunner has terminated.
Mono: successfully reloaded assembly
- Completed reload, in  0.712 seconds
Platform modules already initialized, skipping
========================================================================
Worker process is ready to serve import requests
Launched and connected shader compiler UnityShaderCompiler.exe after 0.03 seconds
Refreshing native plugins compatible for Editor in 0.21 ms, found 0 plugins.
Preloading 0 native plugins for Editor in 0.00 ms.
Unloading 1171 Unused Serialized files (Serialized files now loaded: 0)
System memory in use before: 80.6 MB.
System memory in use after: 80.6 MB.

Unloading 10 unused Assets to reduce memory usage. Loaded Objects now: 1632.
Total: 1.493200 ms (FindLiveObjects: 0.155700 ms CreateObjectMapping: 0.070200 ms MarkObjects: 1.181600 ms  DeleteObjects: 0.084800 ms)

========================================================================
Received Import Request.
  path: Assets/Materials/Floor 1.mat
  artifactKey: Guid(275d5cf4192cd15439682601e423afbc) Importer(815301076,1909f56bfc062723c751e8b465ee728b)
Start importing Assets/Materials/Floor 1.mat using Guid(275d5cf4192cd15439682601e423afbc) Importer(815301076,1909f56bfc062723c751e8b465ee728b)  -> (artifact id: '97315abba4676601cfa84901f29eece2') in 0.100788 seconds
  Import took 0.102568 seconds .

========================================================================
Received Prepare
Refreshing native plugins compatible for Editor in 0.61 ms, found 0 plugins.
Preloading 0 native plugins for Editor in 0.00 ms.
Unloading 3 Unused Serialized files (Serialized files now loaded: 0)
System memory in use before: 59.7 MB.
System memory in use after: 59.8 MB.

Unloading 3 unused Assets to reduce memory usage. Loaded Objects now: 1672.
Total: 1.752500 ms (FindLiveObjects: 0.142500 ms CreateObjectMapping: 0.039700 ms MarkObjects: 1.510500 ms  DeleteObjects: 0.058900 ms)

========================================================================
Received Import Request.
  Time since last request: 9.127209 seconds.
  path: Assets/GameElements/Resources/Item.prefab
  artifactKey: Guid(7e4793c3ad67883488219abcb82385c4) Importer(815301076,1909f56bfc062723c751e8b465ee728b)
Start importing Assets/GameElements/Resources/Item.prefab using Guid(7e4793c3ad67883488219abcb82385c4) Importer(815301076,1909f56bfc062723c751e8b465ee728b)  -> (artifact id: 'c658065c45d927f62916145eda8befd7') in 0.022682 seconds
  Import took 0.024498 seconds .

========================================================================
Received Import Request.
  Time since last request: 3.319685 seconds.
  path: Assets/GameElements/Resources/Item.prefab
  artifactKey: Guid(7e4793c3ad67883488219abcb82385c4) Importer(815301076,1909f56bfc062723c751e8b465ee728b)
Start importing Assets/GameElements/Resources/Item.prefab using Guid(7e4793c3ad67883488219abcb82385c4) Importer(815301076,1909f56bfc062723c751e8b465ee728b)  -> (artifact id: '47ee29acab86c4f3875a605d0adeb330') in 0.011571 seconds
  Import took 0.013532 seconds .

========================================================================
Received Import Request.
  Time since last request: 1.998344 seconds.
  path: Assets/GameElements/Resources/Item.prefab
  artifactKey: Guid(7e4793c3ad67883488219abcb82385c4) Importer(815301076,1909f56bfc062723c751e8b465ee728b)
Start importing Assets/GameElements/Resources/Item.prefab using Guid(7e4793c3ad67883488219abcb82385c4) Importer(815301076,1909f56bfc062723c751e8b465ee728b)  -> (artifact id: 'b8ad4117cc26043d2c3ee5ef9c5bc888') in 0.011968 seconds
  Import took 0.013940 seconds .

========================================================================
Received Import Request.
  Time since last request: 0.003628 seconds.
  path: Assets/GameElements/Resources/Item.prefab
  artifactKey: Guid(7e4793c3ad67883488219abcb82385c4) Importer(815301076,1909f56bfc062723c751e8b465ee728b)
Start importing Assets/GameElements/Resources/Item.prefab using Guid(7e4793c3ad67883488219abcb82385c4) Importer(815301076,1909f56bfc062723c751e8b465ee728b)  -> (artifact id: 'b8ad4117cc26043d2c3ee5ef9c5bc888') in 0.009351 seconds
  Import took 0.011151 seconds .

========================================================================
Received Import Request.
  Time since last request: 3.206544 seconds.
  path: Assets/GameElements/Resources/Item.prefab
  artifactKey: Guid(7e4793c3ad67883488219abcb82385c4) Importer(815301076,1909f56bfc062723c751e8b465ee728b)
Start importing Assets/GameElements/Resources/Item.prefab using Guid(7e4793c3ad67883488219abcb82385c4) Importer(815301076,1909f56bfc062723c751e8b465ee728b)  -> (artifact id: 'd0cd5acf69bb341a21ddc0ecf420d8e0') in 0.013283 seconds
  Import took 0.015130 seconds .

========================================================================
Received Import Request.
  Time since last request: 0.789180 seconds.
  path: Assets/GameElements/Resources/Item.prefab
  artifactKey: Guid(7e4793c3ad67883488219abcb82385c4) Importer(815301076,1909f56bfc062723c751e8b465ee728b)
Start importing Assets/GameElements/Resources/Item.prefab using Guid(7e4793c3ad67883488219abcb82385c4) Importer(815301076,1909f56bfc062723c751e8b465ee728b)  -> (artifact id: '1cfd74b6d0579c3101adda89df0153f4') in 0.011996 seconds
  Import took 0.013873 seconds .

========================================================================
Received Import Request.
  Time since last request: 2.602825 seconds.
  path: Assets/GameElements/Resources/Item.prefab
  artifactKey: Guid(7e4793c3ad67883488219abcb82385c4) Importer(815301076,1909f56bfc062723c751e8b465ee728b)
Start importing Assets/GameElements/Resources/Item.prefab using Guid(7e4793c3ad67883488219abcb82385c4) Importer(815301076,1909f56bfc062723c751e8b465ee728b)  -> (artifact id: 'a22b459633f9233138e11eeb0bad85df') in 0.011122 seconds
  Import took 0.012979 seconds .

========================================================================
Received Prepare
Registering precompiled user dll's ...
Registered in 0.000558 seconds.
Begin MonoManager ReloadAssembly
Native extension for WindowsStandalone target not found
Native extension for WebGL target not found
Refreshing native plugins compatible for Editor in 0.21 ms, found 0 plugins.
Preloading 0 native plugins for Editor in 0.00 ms.
Invoked RoslynAnalysisRunner static constructor.
RoslynAnalysisRunner will not be running.
RoslynAnalysisRunner has terminated.
Mono: successfully reloaded assembly
- Completed reload, in  0.667 seconds
Platform modules already initialized, skipping
Refreshing native plugins compatible for Editor in 0.20 ms, found 0 plugins.
Preloading 0 native plugins for Editor in 0.00 ms.
Unloading 1153 Unused Serialized files (Serialized files now loaded: 0)
System memory in use before: 82.6 MB.
System memory in use after: 82.7 MB.

Unloading 6 unused Assets to reduce memory usage. Loaded Objects now: 1676.
Total: 1.420700 ms (FindLiveObjects: 0.146400 ms CreateObjectMapping: 0.037500 ms MarkObjects: 1.171000 ms  DeleteObjects: 0.064900 ms)

========================================================================
Received Import Request.
  Time since last request: 903.055719 seconds.
  path: Assets/Materials/Buff.mat
  artifactKey: Guid(d9c5733936fa9f24caea49d295c9ec07) Importer(815301076,1909f56bfc062723c751e8b465ee728b)
Start importing Assets/Materials/Buff.mat using Guid(d9c5733936fa9f24caea49d295c9ec07) Importer(815301076,1909f56bfc062723c751e8b465ee728b)  -> (artifact id: '54494d16e517db027dae500e2ae5fbfb') in 0.052037 seconds
  Import took 0.053829 seconds .

========================================================================
Received Import Request.
  Time since last request: 70.695691 seconds.
  path: Assets/GameElements/Resources/Item.prefab
  artifactKey: Guid(7e4793c3ad67883488219abcb82385c4) Importer(815301076,1909f56bfc062723c751e8b465ee728b)
Start importing Assets/GameElements/Resources/Item.prefab using Guid(7e4793c3ad67883488219abcb82385c4) Importer(815301076,1909f56bfc062723c751e8b465ee728b)  -> (artifact id: 'd0193c3828f1cab0a956726ef4015782') in 0.014474 seconds
  Import took 0.016333 seconds .

========================================================================
Received Import Request.
  Time since last request: 0.000767 seconds.
  path: Assets/GameElements/Resources/Item.prefab
  artifactKey: Guid(7e4793c3ad67883488219abcb82385c4) Importer(815301076,1909f56bfc062723c751e8b465ee728b)
Start importing Assets/GameElements/Resources/Item.prefab using Guid(7e4793c3ad67883488219abcb82385c4) Importer(815301076,1909f56bfc062723c751e8b465ee728b)  -> (artifact id: 'd0193c3828f1cab0a956726ef4015782') in 0.006766 seconds
  Import took 0.008608 seconds .

========================================================================
Received Prepare
Registering precompiled user dll's ...
Registered in 0.000559 seconds.
Begin MonoManager ReloadAssembly
Native extension for WindowsStandalone target not found
Native extension for WebGL target not found
Refreshing native plugins compatible for Editor in 0.20 ms, found 0 plugins.
Preloading 0 native plugins for Editor in 0.00 ms.
Invoked RoslynAnalysisRunner static constructor.
RoslynAnalysisRunner will not be running.
RoslynAnalysisRunner has terminated.
Mono: successfully reloaded assembly
- Completed reload, in  0.667 seconds
Platform modules already initialized, skipping
Refreshing native plugins compatible for Editor in 0.20 ms, found 0 plugins.
Preloading 0 native plugins for Editor in 0.00 ms.
Unloading 1153 Unused Serialized files (Serialized files now loaded: 0)
System memory in use before: 82.6 MB.
System memory in use after: 82.7 MB.

Unloading 5 unused Assets to reduce memory usage. Loaded Objects now: 1680.
Total: 1.607600 ms (FindLiveObjects: 0.160500 ms CreateObjectMapping: 0.044800 ms MarkObjects: 1.333600 ms  DeleteObjects: 0.068000 ms)

========================================================================
Received Import Request.
  Time since last request: 50.032865 seconds.
  path: Assets/GameElements/Resources/Item.prefab
  artifactKey: Guid(7e4793c3ad67883488219abcb82385c4) Importer(815301076,1909f56bfc062723c751e8b465ee728b)
Start importing Assets/GameElements/Resources/Item.prefab using Guid(7e4793c3ad67883488219abcb82385c4) Importer(815301076,1909f56bfc062723c751e8b465ee728b)  -> (artifact id: '945b42f1d3f8391df5da1ddc1fbf4a60') in 0.047032 seconds
  Import took 0.048999 seconds .

========================================================================
Received Import Request.
  Time since last request: 10.178147 seconds.
  path: Assets/GameElements/Resources/Item.prefab
  artifactKey: Guid(7e4793c3ad67883488219abcb82385c4) Importer(815301076,1909f56bfc062723c751e8b465ee728b)
Start importing Assets/GameElements/Resources/Item.prefab using Guid(7e4793c3ad67883488219abcb82385c4) Importer(815301076,1909f56bfc062723c751e8b465ee728b)  -> (artifact id: '1238ec57ad5413186871cc87a560e5c1') in 0.009618 seconds
  Import took 0.011453 seconds .

========================================================================
Received Import Request.
  Time since last request: 1.395049 seconds.
  path: Assets/GameElements/Resources/Item.prefab
  artifactKey: Guid(7e4793c3ad67883488219abcb82385c4) Importer(815301076,1909f56bfc062723c751e8b465ee728b)
Start importing Assets/GameElements/Resources/Item.prefab using Guid(7e4793c3ad67883488219abcb82385c4) Importer(815301076,1909f56bfc062723c751e8b465ee728b)  -> (artifact id: 'e711eda21348ed0ddcd84a291ab5c6e0') in 0.007818 seconds
  Import took 0.009744 seconds .

========================================================================
Received Import Request.
  Time since last request: 5.665219 seconds.
  path: Assets/GameElements/Resources/Item.prefab
  artifactKey: Guid(7e4793c3ad67883488219abcb82385c4) Importer(815301076,1909f56bfc062723c751e8b465ee728b)
Start importing Assets/GameElements/Resources/Item.prefab using Guid(7e4793c3ad67883488219abcb82385c4) Importer(815301076,1909f56bfc062723c751e8b465ee728b)  -> (artifact id: '5d4fd8982b955a98d9fa2b2b73d33c18') in 0.006580 seconds
  Import took 0.008568 seconds .

========================================================================
Received Prepare
Registering precompiled user dll's ...
Registered in 0.000585 seconds.
Begin MonoManager ReloadAssembly
Native extension for WindowsStandalone target not found
Native extension for WebGL target not found
Refreshing native plugins compatible for Editor in 0.20 ms, found 0 plugins.
Preloading 0 native plugins for Editor in 0.00 ms.
Invoked RoslynAnalysisRunner static constructor.
RoslynAnalysisRunner will not be running.
RoslynAnalysisRunner has terminated.
Mono: successfully reloaded assembly
- Completed reload, in  0.659 seconds
Platform modules already initialized, skipping
Refreshing native plugins compatible for Editor in 0.20 ms, found 0 plugins.
Preloading 0 native plugins for Editor in 0.00 ms.
Unloading 1153 Unused Serialized files (Serialized files now loaded: 0)
System memory in use before: 82.6 MB.
System memory in use after: 82.7 MB.

Unloading 5 unused Assets to reduce memory usage. Loaded Objects now: 1684.
Total: 1.533200 ms (FindLiveObjects: 0.137500 ms CreateObjectMapping: 0.032900 ms MarkObjects: 1.295400 ms  DeleteObjects: 0.066500 ms)

========================================================================
Received Import Request.
  Time since last request: 14.927468 seconds.
  path: Assets/GameElements/Resources/Item.prefab
  artifactKey: Guid(7e4793c3ad67883488219abcb82385c4) Importer(815301076,1909f56bfc062723c751e8b465ee728b)
Start importing Assets/GameElements/Resources/Item.prefab using Guid(7e4793c3ad67883488219abcb82385c4) Importer(815301076,1909f56bfc062723c751e8b465ee728b)  -> (artifact id: 'd3e8a6943b1025cf0a6d9b4678c466c7') in 0.046420 seconds
  Import took 0.048267 seconds .

========================================================================
Received Import Request.
  Time since last request: 0.976786 seconds.
  path: Assets/GameElements/Resources/Item.prefab
  artifactKey: Guid(7e4793c3ad67883488219abcb82385c4) Importer(815301076,1909f56bfc062723c751e8b465ee728b)
Start importing Assets/GameElements/Resources/Item.prefab using Guid(7e4793c3ad67883488219abcb82385c4) Importer(815301076,1909f56bfc062723c751e8b465ee728b)  -> (artifact id: '981abca4d3ee7e18c513ee342badc3be') in 0.009571 seconds
  Import took 0.011381 seconds .

========================================================================
Received Prepare
Registering precompiled user dll's ...
Registered in 0.000526 seconds.
Begin MonoManager ReloadAssembly
Native extension for WindowsStandalone target not found
Native extension for WebGL target not found
Refreshing native plugins compatible for Editor in 0.22 ms, found 0 plugins.
Preloading 0 native plugins for Editor in 0.00 ms.
Invoked RoslynAnalysisRunner static constructor.
RoslynAnalysisRunner will not be running.
RoslynAnalysisRunner has terminated.
Mono: successfully reloaded assembly
- Completed reload, in  0.732 seconds
Platform modules already initialized, skipping
Refreshing native plugins compatible for Editor in 0.24 ms, found 0 plugins.
Preloading 0 native plugins for Editor in 0.00 ms.
Unloading 1153 Unused Serialized files (Serialized files now loaded: 0)
System memory in use before: 82.7 MB.
System memory in use after: 82.7 MB.

Unloading 5 unused Assets to reduce memory usage. Loaded Objects now: 1688.
Total: 1.615100 ms (FindLiveObjects: 0.153300 ms CreateObjectMapping: 0.037400 ms MarkObjects: 1.358500 ms  DeleteObjects: 0.064800 ms)

========================================================================
Received Import Request.
  Time since last request: 26.597411 seconds.
  path: Assets/GameElements/Resources/Item.prefab
  artifactKey: Guid(7e4793c3ad67883488219abcb82385c4) Importer(815301076,1909f56bfc062723c751e8b465ee728b)
Start importing Assets/GameElements/Resources/Item.prefab using Guid(7e4793c3ad67883488219abcb82385c4) Importer(815301076,1909f56bfc062723c751e8b465ee728b)  -> (artifact id: 'b56edacfb515f5b3ade3f7ac27c9c152') in 0.048951 seconds
  Import took 0.050953 seconds .

========================================================================
Received Import Request.
  Time since last request: 20.076355 seconds.
  path: Assets/GameElements/Resources/Item.prefab
  artifactKey: Guid(7e4793c3ad67883488219abcb82385c4) Importer(815301076,1909f56bfc062723c751e8b465ee728b)
Start importing Assets/GameElements/Resources/Item.prefab using Guid(7e4793c3ad67883488219abcb82385c4) Importer(815301076,1909f56bfc062723c751e8b465ee728b)  -> (artifact id: 'f437b81e1c0c9dcf8cdab7ff3d4f7748') in 0.008525 seconds
  Import took 0.010470 seconds .

========================================================================
Received Import Request.
  Time since last request: 5.638781 seconds.
  path: Assets/GameElements/Resources/Item.prefab
  artifactKey: Guid(7e4793c3ad67883488219abcb82385c4) Importer(815301076,1909f56bfc062723c751e8b465ee728b)
Start importing Assets/GameElements/Resources/Item.prefab using Guid(7e4793c3ad67883488219abcb82385c4) Importer(815301076,1909f56bfc062723c751e8b465ee728b)  -> (artifact id: '2d0237cd6973f9b4d1d25ff59c8e6e1d') in 0.007632 seconds
  Import took 0.009628 seconds .

========================================================================
Received Import Request.
  Time since last request: 42.294943 seconds.
  path: Assets/GameElements/Resources/Item.prefab
  artifactKey: Guid(7e4793c3ad67883488219abcb82385c4) Importer(815301076,1909f56bfc062723c751e8b465ee728b)
Start importing Assets/GameElements/Resources/Item.prefab using Guid(7e4793c3ad67883488219abcb82385c4) Importer(815301076,1909f56bfc062723c751e8b465ee728b)  -> (artifact id: '69e3caa27fe56ebcb9ec73ddbdc06d9b') in 0.007966 seconds
  Import took 0.009983 seconds .

========================================================================
Received Import Request.
  Time since last request: 17.323920 seconds.
  path: Assets/GameElements/Resources/Item.prefab
  artifactKey: Guid(7e4793c3ad67883488219abcb82385c4) Importer(815301076,1909f56bfc062723c751e8b465ee728b)
Start importing Assets/GameElements/Resources/Item.prefab using Guid(7e4793c3ad67883488219abcb82385c4) Importer(815301076,1909f56bfc062723c751e8b465ee728b)  -> (artifact id: '2d1cca141fe9854aa04ee0a64fd84cad') in 0.006569 seconds
  Import took 0.008676 seconds .

========================================================================
Received Import Request.
  Time since last request: 10.875028 seconds.
  path: Assets/GameElements/Resources/Item.prefab
  artifactKey: Guid(7e4793c3ad67883488219abcb82385c4) Importer(815301076,1909f56bfc062723c751e8b465ee728b)
Start importing Assets/GameElements/Resources/Item.prefab using Guid(7e4793c3ad67883488219abcb82385c4) Importer(815301076,1909f56bfc062723c751e8b465ee728b)  -> (artifact id: 'b9185f415bd77b772ff9ca832f643d93') in 0.008520 seconds
  Import took 0.010350 seconds .

========================================================================
Received Import Request.
  Time since last request: 3.008760 seconds.
  path: Assets/GameElements/Resources/Item.prefab
  artifactKey: Guid(7e4793c3ad67883488219abcb82385c4) Importer(815301076,1909f56bfc062723c751e8b465ee728b)
Start importing Assets/GameElements/Resources/Item.prefab using Guid(7e4793c3ad67883488219abcb82385c4) Importer(815301076,1909f56bfc062723c751e8b465ee728b)  -> (artifact id: 'a58a46fc5ef5fe991126b6cef51098f1') in 0.006289 seconds
  Import took 0.008259 seconds .

========================================================================
Received Import Request.
  Time since last request: 1.406809 seconds.
  path: Assets/GameElements/Resources/Item.prefab
  artifactKey: Guid(7e4793c3ad67883488219abcb82385c4) Importer(815301076,1909f56bfc062723c751e8b465ee728b)
Start importing Assets/GameElements/Resources/Item.prefab using Guid(7e4793c3ad67883488219abcb82385c4) Importer(815301076,1909f56bfc062723c751e8b465ee728b)  -> (artifact id: '35462ce727b804aa9e9ed6fa5dd8b66e') in 0.009545 seconds
  Import took 0.011390 seconds .

========================================================================
Received Import Request.
  Time since last request: 4.693495 seconds.
  path: Assets/GameElements/Resources/Item.prefab
  artifactKey: Guid(7e4793c3ad67883488219abcb82385c4) Importer(815301076,1909f56bfc062723c751e8b465ee728b)
Start importing Assets/GameElements/Resources/Item.prefab using Guid(7e4793c3ad67883488219abcb82385c4) Importer(815301076,1909f56bfc062723c751e8b465ee728b)  -> (artifact id: 'f1d03640d29ad04d26aad26a11230da3') in 0.008407 seconds
  Import took 0.010379 seconds .

========================================================================
Received Import Request.
  Time since last request: 10.058697 seconds.
  path: Assets/GameElements/Resources/Item.prefab
  artifactKey: Guid(7e4793c3ad67883488219abcb82385c4) Importer(815301076,1909f56bfc062723c751e8b465ee728b)
Start importing Assets/GameElements/Resources/Item.prefab using Guid(7e4793c3ad67883488219abcb82385c4) Importer(815301076,1909f56bfc062723c751e8b465ee728b)  -> (artifact id: 'ce302266395f7b23e7bb510918d7f48a') in 0.008854 seconds
  Import took 0.010770 seconds .

========================================================================
Received Import Request.
  Time since last request: 1.398472 seconds.
  path: Assets/GameElements/Resources/Item.prefab
  artifactKey: Guid(7e4793c3ad67883488219abcb82385c4) Importer(815301076,1909f56bfc062723c751e8b465ee728b)
Start importing Assets/GameElements/Resources/Item.prefab using Guid(7e4793c3ad67883488219abcb82385c4) Importer(815301076,1909f56bfc062723c751e8b465ee728b)  -> (artifact id: 'dcf53d88d0408fa7261bdd7959b0b7c5') in 0.007835 seconds
  Import took 0.010273 seconds .

========================================================================
Received Import Request.
  Time since last request: 7.644634 seconds.
  path: Assets/GameElements/Resources/Item.prefab
  artifactKey: Guid(7e4793c3ad67883488219abcb82385c4) Importer(815301076,1909f56bfc062723c751e8b465ee728b)
Start importing Assets/GameElements/Resources/Item.prefab using Guid(7e4793c3ad67883488219abcb82385c4) Importer(815301076,1909f56bfc062723c751e8b465ee728b)  -> (artifact id: '7377dbd3179058ea037f1ae6758cb7f3') in 0.008100 seconds
  Import took 0.009977 seconds .

========================================================================
Received Import Request.
  Time since last request: 0.389761 seconds.
  path: Assets/GameElements/Resources/Item.prefab
  artifactKey: Guid(7e4793c3ad67883488219abcb82385c4) Importer(815301076,1909f56bfc062723c751e8b465ee728b)
Start importing Assets/GameElements/Resources/Item.prefab using Guid(7e4793c3ad67883488219abcb82385c4) Importer(815301076,1909f56bfc062723c751e8b465ee728b)  -> (artifact id: 'dcb74c20d6622cac73c2f69a0f2ae8f8') in 0.008036 seconds
  Import took 0.009908 seconds .

========================================================================
Received Import Request.
  Time since last request: 1.199504 seconds.
  path: Assets/GameElements/Resources/Item.prefab
  artifactKey: Guid(7e4793c3ad67883488219abcb82385c4) Importer(815301076,1909f56bfc062723c751e8b465ee728b)
Start importing Assets/GameElements/Resources/Item.prefab using Guid(7e4793c3ad67883488219abcb82385c4) Importer(815301076,1909f56bfc062723c751e8b465ee728b)  -> (artifact id: '6105c5530d75b02dd10d532351cd5fa1') in 0.008009 seconds
  Import took 0.009852 seconds .

========================================================================
Received Import Request.
  Time since last request: 3.820685 seconds.
  path: Assets/GameElements/Resources/Item.prefab
  artifactKey: Guid(7e4793c3ad67883488219abcb82385c4) Importer(815301076,1909f56bfc062723c751e8b465ee728b)
Start importing Assets/GameElements/Resources/Item.prefab using Guid(7e4793c3ad67883488219abcb82385c4) Importer(815301076,1909f56bfc062723c751e8b465ee728b)  -> (artifact id: '11289b0e5f571a113ac0352f7a3b3f82') in 0.005984 seconds
  Import took 0.007907 seconds .

========================================================================
Received Import Request.
  Time since last request: 1.011553 seconds.
  path: Assets/GameElements/Resources/Item.prefab
  artifactKey: Guid(7e4793c3ad67883488219abcb82385c4) Importer(815301076,1909f56bfc062723c751e8b465ee728b)
Start importing Assets/GameElements/Resources/Item.prefab using Guid(7e4793c3ad67883488219abcb82385c4) Importer(815301076,1909f56bfc062723c751e8b465ee728b)  -> (artifact id: '0eacf1e3af7d35fdb61bc6243aad1697') in 0.008198 seconds
  Import took 0.010307 seconds .

========================================================================
Received Import Request.
  Time since last request: 3.828790 seconds.
  path: Assets/GameElements/Resources/Item.prefab
  artifactKey: Guid(7e4793c3ad67883488219abcb82385c4) Importer(815301076,1909f56bfc062723c751e8b465ee728b)
Start importing Assets/GameElements/Resources/Item.prefab using Guid(7e4793c3ad67883488219abcb82385c4) Importer(815301076,1909f56bfc062723c751e8b465ee728b)  -> (artifact id: 'd9416c55da77cec87f667230386f27ee') in 0.006536 seconds
  Import took 0.008445 seconds .

========================================================================
Received Import Request.
  Time since last request: 4.434800 seconds.
  path: Assets/GameElements/Resources/Item.prefab
  artifactKey: Guid(7e4793c3ad67883488219abcb82385c4) Importer(815301076,1909f56bfc062723c751e8b465ee728b)
Start importing Assets/GameElements/Resources/Item.prefab using Guid(7e4793c3ad67883488219abcb82385c4) Importer(815301076,1909f56bfc062723c751e8b465ee728b)  -> (artifact id: 'd1adeafa1ce24ee8f1ebf3b06a0e0ee7') in 0.006034 seconds
  Import took 0.007912 seconds .

========================================================================
Received Import Request.
  Time since last request: 18.133359 seconds.
  path: Assets/GameElements/Resources/Item.prefab
  artifactKey: Guid(7e4793c3ad67883488219abcb82385c4) Importer(815301076,1909f56bfc062723c751e8b465ee728b)
Start importing Assets/GameElements/Resources/Item.prefab using Guid(7e4793c3ad67883488219abcb82385c4) Importer(815301076,1909f56bfc062723c751e8b465ee728b)  -> (artifact id: '1cbe2b718c0c1879953b3b982bd0ad06') in 0.007227 seconds
  Import took 0.009441 seconds .

========================================================================
Received Import Request.
  Time since last request: 6.452724 seconds.
  path: Assets/GameElements/Resources/Item.prefab
  artifactKey: Guid(7e4793c3ad67883488219abcb82385c4) Importer(815301076,1909f56bfc062723c751e8b465ee728b)
Start importing Assets/GameElements/Resources/Item.prefab using Guid(7e4793c3ad67883488219abcb82385c4) Importer(815301076,1909f56bfc062723c751e8b465ee728b)  -> (artifact id: '031c870c155aa5ec012c33396792b9fc') in 0.005948 seconds
  Import took 0.007990 seconds .

========================================================================
Received Prepare
Registering precompiled user dll's ...
Registered in 0.000659 seconds.
Begin MonoManager ReloadAssembly
Native extension for WindowsStandalone target not found
Native extension for WebGL target not found
Refreshing native plugins compatible for Editor in 0.22 ms, found 0 plugins.
Preloading 0 native plugins for Editor in 0.00 ms.
Invoked RoslynAnalysisRunner static constructor.
RoslynAnalysisRunner will not be running.
RoslynAnalysisRunner has terminated.
Mono: successfully reloaded assembly
- Completed reload, in  0.704 seconds
Platform modules already initialized, skipping
Refreshing native plugins compatible for Editor in 0.22 ms, found 0 plugins.
Preloading 0 native plugins for Editor in 0.00 ms.
Unloading 1153 Unused Serialized files (Serialized files now loaded: 0)
System memory in use before: 82.7 MB.
System memory in use after: 82.8 MB.

Unloading 5 unused Assets to reduce memory usage. Loaded Objects now: 1692.
Total: 1.571000 ms (FindLiveObjects: 0.169400 ms CreateObjectMapping: 0.037200 ms MarkObjects: 1.296600 ms  DeleteObjects: 0.066700 ms)

========================================================================
Received Import Request.
  Time since last request: 42.400161 seconds.
  path: Assets/GameElements/Resources/Item.prefab
  artifactKey: Guid(7e4793c3ad67883488219abcb82385c4) Importer(815301076,1909f56bfc062723c751e8b465ee728b)
Start importing Assets/GameElements/Resources/Item.prefab using Guid(7e4793c3ad67883488219abcb82385c4) Importer(815301076,1909f56bfc062723c751e8b465ee728b)  -> (artifact id: 'e8d036a4b7825830e303bfe769cfdd03') in 0.049208 seconds
  Import took 0.051346 seconds .

========================================================================
Received Import Request.
  Time since last request: 9.399665 seconds.
  path: Assets/GameElements/Resources/Item.prefab
  artifactKey: Guid(7e4793c3ad67883488219abcb82385c4) Importer(815301076,1909f56bfc062723c751e8b465ee728b)
Start importing Assets/GameElements/Resources/Item.prefab using Guid(7e4793c3ad67883488219abcb82385c4) Importer(815301076,1909f56bfc062723c751e8b465ee728b)  -> (artifact id: 'df11374888593ab8498401a4779a93f2') in 0.005765 seconds
  Import took 0.007618 seconds .

========================================================================
Received Prepare
Registering precompiled user dll's ...
Registered in 0.000603 seconds.
Begin MonoManager ReloadAssembly
Native extension for WindowsStandalone target not found
Native extension for WebGL target not found
Refreshing native plugins compatible for Editor in 0.23 ms, found 0 plugins.
Preloading 0 native plugins for Editor in 0.00 ms.
Invoked RoslynAnalysisRunner static constructor.
RoslynAnalysisRunner will not be running.
RoslynAnalysisRunner has terminated.
Mono: successfully reloaded assembly
- Completed reload, in  0.702 seconds
Platform modules already initialized, skipping
Refreshing native plugins compatible for Editor in 0.23 ms, found 0 plugins.
Preloading 0 native plugins for Editor in 0.00 ms.
Unloading 1153 Unused Serialized files (Serialized files now loaded: 0)
System memory in use before: 82.7 MB.
System memory in use after: 82.8 MB.

Unloading 5 unused Assets to reduce memory usage. Loaded Objects now: 1696.
Total: 1.842500 ms (FindLiveObjects: 0.199200 ms CreateObjectMapping: 0.047400 ms MarkObjects: 1.519600 ms  DeleteObjects: 0.074900 ms)

========================================================================
Received Import Request.
  Time since last request: 43.211543 seconds.
  path: Assets/GameElements/Resources/Item.prefab
  artifactKey: Guid(7e4793c3ad67883488219abcb82385c4) Importer(815301076,1909f56bfc062723c751e8b465ee728b)
Start importing Assets/GameElements/Resources/Item.prefab using Guid(7e4793c3ad67883488219abcb82385c4) Importer(815301076,1909f56bfc062723c751e8b465ee728b)  -> (artifact id: '99baf8f3f435e420d5d6ed64f9a5b0be') in 0.047262 seconds
  Import took 0.049335 seconds .

========================================================================
Received Import Request.
  Time since last request: 7.293608 seconds.
  path: Assets/GameElements/Resources/Item.prefab
  artifactKey: Guid(7e4793c3ad67883488219abcb82385c4) Importer(815301076,1909f56bfc062723c751e8b465ee728b)
Start importing Assets/GameElements/Resources/Item.prefab using Guid(7e4793c3ad67883488219abcb82385c4) Importer(815301076,1909f56bfc062723c751e8b465ee728b)  -> (artifact id: '872d400b08be98d33795dd454d3d53f2') in 0.005682 seconds
  Import took 0.007662 seconds .

========================================================================
Received Import Request.
  Time since last request: 28.202393 seconds.
  path: Assets/GameElements/Resources/Item.prefab
  artifactKey: Guid(7e4793c3ad67883488219abcb82385c4) Importer(815301076,1909f56bfc062723c751e8b465ee728b)
Start importing Assets/GameElements/Resources/Item.prefab using Guid(7e4793c3ad67883488219abcb82385c4) Importer(815301076,1909f56bfc062723c751e8b465ee728b)  -> (artifact id: '43e751dc2fd3eba35d6e429cb9ac93df') in 0.011198 seconds
  Import took 0.013222 seconds .

========================================================================
Received Prepare
Registering precompiled user dll's ...
Registered in 0.000623 seconds.
Begin MonoManager ReloadAssembly
Native extension for WindowsStandalone target not found
Native extension for WebGL target not found
Refreshing native plugins compatible for Editor in 0.21 ms, found 0 plugins.
Preloading 0 native plugins for Editor in 0.00 ms.
Invoked RoslynAnalysisRunner static constructor.
RoslynAnalysisRunner will not be running.
RoslynAnalysisRunner has terminated.
Mono: successfully reloaded assembly
- Completed reload, in  0.654 seconds
Platform modules already initialized, skipping
Refreshing native plugins compatible for Editor in 0.21 ms, found 0 plugins.
Preloading 0 native plugins for Editor in 0.00 ms.
Unloading 1153 Unused Serialized files (Serialized files now loaded: 0)
System memory in use before: 82.7 MB.
System memory in use after: 82.8 MB.

Unloading 6 unused Assets to reduce memory usage. Loaded Objects now: 1701.
Total: 1.436600 ms (FindLiveObjects: 0.132200 ms CreateObjectMapping: 0.032800 ms MarkObjects: 1.202300 ms  DeleteObjects: 0.068400 ms)

========================================================================
Received Import Request.
  Time since last request: 42.811575 seconds.
  path: Assets/GameElements/Resources/Item.prefab
  artifactKey: Guid(7e4793c3ad67883488219abcb82385c4) Importer(815301076,1909f56bfc062723c751e8b465ee728b)
Start importing Assets/GameElements/Resources/Item.prefab using Guid(7e4793c3ad67883488219abcb82385c4) Importer(815301076,1909f56bfc062723c751e8b465ee728b)  -> (artifact id: '026d46fd61eb90116a02d7a75c16c315') in 0.049773 seconds
  Import took 0.051762 seconds .

========================================================================
Received Prepare
Registering precompiled user dll's ...
Registered in 0.000576 seconds.
Begin MonoManager ReloadAssembly
Native extension for WindowsStandalone target not found
Native extension for WebGL target not found
Refreshing native plugins compatible for Editor in 0.20 ms, found 0 plugins.
Preloading 0 native plugins for Editor in 0.00 ms.
Invoked RoslynAnalysisRunner static constructor.
RoslynAnalysisRunner will not be running.
RoslynAnalysisRunner has terminated.
Mono: successfully reloaded assembly
- Completed reload, in  0.656 seconds
Platform modules already initialized, skipping
Refreshing native plugins compatible for Editor in 0.20 ms, found 0 plugins.
Preloading 0 native plugins for Editor in 0.00 ms.
Unloading 1153 Unused Serialized files (Serialized files now loaded: 0)
System memory in use before: 82.8 MB.
System memory in use after: 82.8 MB.

Unloading 6 unused Assets to reduce memory usage. Loaded Objects now: 1705.
Total: 1.482400 ms (FindLiveObjects: 0.157200 ms CreateObjectMapping: 0.038800 ms MarkObjects: 1.221000 ms  DeleteObjects: 0.064600 ms)

========================================================================
Received Import Request.
  Time since last request: 32.205484 seconds.
  path: Assets/GameElements/Resources/Item.prefab
  artifactKey: Guid(7e4793c3ad67883488219abcb82385c4) Importer(815301076,1909f56bfc062723c751e8b465ee728b)
Start importing Assets/GameElements/Resources/Item.prefab using Guid(7e4793c3ad67883488219abcb82385c4) Importer(815301076,1909f56bfc062723c751e8b465ee728b)  -> (artifact id: 'b4d1f60b2e4f55fc79571daf7e4afc09') in 0.045503 seconds
  Import took 0.047614 seconds .

========================================================================
Received Prepare
Registering precompiled user dll's ...
Registered in 0.000570 seconds.
Begin MonoManager ReloadAssembly
Native extension for WindowsStandalone target not found
Native extension for WebGL target not found
Refreshing native plugins compatible for Editor in 0.21 ms, found 0 plugins.
Preloading 0 native plugins for Editor in 0.00 ms.
Invoked RoslynAnalysisRunner static constructor.
RoslynAnalysisRunner will not be running.
RoslynAnalysisRunner has terminated.
Mono: successfully reloaded assembly
- Completed reload, in  0.662 seconds
Platform modules already initialized, skipping
Refreshing native plugins compatible for Editor in 0.21 ms, found 0 plugins.
Preloading 0 native plugins for Editor in 0.00 ms.
Unloading 1153 Unused Serialized files (Serialized files now loaded: 0)
System memory in use before: 82.8 MB.
System memory in use after: 82.8 MB.

Unloading 5 unused Assets to reduce memory usage. Loaded Objects now: 1709.
Total: 1.427900 ms (FindLiveObjects: 0.138700 ms CreateObjectMapping: 0.034400 ms MarkObjects: 1.191200 ms  DeleteObjects: 0.062500 ms)

========================================================================
Received Import Request.
  Time since last request: 46.689884 seconds.
  path: Assets/GameElements/Resources/Item.prefab
  artifactKey: Guid(7e4793c3ad67883488219abcb82385c4) Importer(815301076,1909f56bfc062723c751e8b465ee728b)
Start importing Assets/GameElements/Resources/Item.prefab using Guid(7e4793c3ad67883488219abcb82385c4) Importer(815301076,1909f56bfc062723c751e8b465ee728b)  -> (artifact id: '332d05dee564f659abcf1b8e5e199c0b') in 0.044664 seconds
  Import took 0.046678 seconds .

========================================================================
Received Import Request.
  Time since last request: 1.990996 seconds.
  path: Assets/GameElements/Resources/Item.prefab
  artifactKey: Guid(7e4793c3ad67883488219abcb82385c4) Importer(815301076,1909f56bfc062723c751e8b465ee728b)
Start importing Assets/GameElements/Resources/Item.prefab using Guid(7e4793c3ad67883488219abcb82385c4) Importer(815301076,1909f56bfc062723c751e8b465ee728b)  -> (artifact id: '81ea6ea86de9a84ad545585914ffa546') in 0.008013 seconds
  Import took 0.009904 seconds .

========================================================================
Received Import Request.
  Time since last request: 2.813327 seconds.
  path: Assets/GameElements/Resources/Item.prefab
  artifactKey: Guid(7e4793c3ad67883488219abcb82385c4) Importer(815301076,1909f56bfc062723c751e8b465ee728b)
Start importing Assets/GameElements/Resources/Item.prefab using Guid(7e4793c3ad67883488219abcb82385c4) Importer(815301076,1909f56bfc062723c751e8b465ee728b)  -> (artifact id: '0d725c2eaae16180e5b7f0576f52019a') in 0.007420 seconds
  Import took 0.009324 seconds .

========================================================================
Received Prepare
Registering precompiled user dll's ...
Registered in 0.000558 seconds.
Begin MonoManager ReloadAssembly
Native extension for WindowsStandalone target not found
Native extension for WebGL target not found
Refreshing native plugins compatible for Editor in 0.21 ms, found 0 plugins.
Preloading 0 native plugins for Editor in 0.00 ms.
Invoked RoslynAnalysisRunner static constructor.
RoslynAnalysisRunner will not be running.
RoslynAnalysisRunner has terminated.
Mono: successfully reloaded assembly
- Completed reload, in  0.650 seconds
Platform modules already initialized, skipping
Refreshing native plugins compatible for Editor in 0.21 ms, found 0 plugins.
Preloading 0 native plugins for Editor in 0.00 ms.
Unloading 1153 Unused Serialized files (Serialized files now loaded: 0)
System memory in use before: 82.8 MB.
System memory in use after: 82.8 MB.

Unloading 5 unused Assets to reduce memory usage. Loaded Objects now: 1713.
Total: 1.469400 ms (FindLiveObjects: 0.155100 ms CreateObjectMapping: 0.038300 ms MarkObjects: 1.208700 ms  DeleteObjects: 0.066400 ms)

========================================================================
Received Import Request.
  Time since last request: 71.599664 seconds.
  path: Assets/GameElements/Resources/Item.prefab
  artifactKey: Guid(7e4793c3ad67883488219abcb82385c4) Importer(815301076,1909f56bfc062723c751e8b465ee728b)
Start importing Assets/GameElements/Resources/Item.prefab using Guid(7e4793c3ad67883488219abcb82385c4) Importer(815301076,1909f56bfc062723c751e8b465ee728b)  -> (artifact id: '037dd993dde80230e5ce1354f035a9ed') in 0.043346 seconds
  Import took 0.045167 seconds .

========================================================================
Received Import Request.
  Time since last request: 1.187788 seconds.
  path: Assets/GameElements/Resources/Item.prefab
  artifactKey: Guid(7e4793c3ad67883488219abcb82385c4) Importer(815301076,1909f56bfc062723c751e8b465ee728b)
Start importing Assets/GameElements/Resources/Item.prefab using Guid(7e4793c3ad67883488219abcb82385c4) Importer(815301076,1909f56bfc062723c751e8b465ee728b)  -> (artifact id: '83caa9e31ab4d0e739b684427bd5c937') in 0.007939 seconds
  Import took 0.009745 seconds .

========================================================================
Received Import Request.
  Time since last request: 14.327868 seconds.
  path: Assets/GameElements/Resources/Item.prefab
  artifactKey: Guid(7e4793c3ad67883488219abcb82385c4) Importer(815301076,1909f56bfc062723c751e8b465ee728b)
Start importing Assets/GameElements/Resources/Item.prefab using Guid(7e4793c3ad67883488219abcb82385c4) Importer(815301076,1909f56bfc062723c751e8b465ee728b)  -> (artifact id: 'ae0d186d410a43455f5ff17e71641b34') in 0.008265 seconds
  Import took 0.010101 seconds .

========================================================================
Received Import Request.
  Time since last request: 2.003579 seconds.
  path: Assets/GameElements/Resources/Item.prefab
  artifactKey: Guid(7e4793c3ad67883488219abcb82385c4) Importer(815301076,1909f56bfc062723c751e8b465ee728b)
Start importing Assets/GameElements/Resources/Item.prefab using Guid(7e4793c3ad67883488219abcb82385c4) Importer(815301076,1909f56bfc062723c751e8b465ee728b)  -> (artifact id: '1e0fe2d6cb89072f3ba522ffd1b63dea') in 0.007916 seconds
  Import took 0.009761 seconds .

========================================================================
Received Import Request.
  Time since last request: 7.653323 seconds.
  path: Assets/GameElements/Resources/Item.prefab
  artifactKey: Guid(7e4793c3ad67883488219abcb82385c4) Importer(815301076,1909f56bfc062723c751e8b465ee728b)
Start importing Assets/GameElements/Resources/Item.prefab using Guid(7e4793c3ad67883488219abcb82385c4) Importer(815301076,1909f56bfc062723c751e8b465ee728b)  -> (artifact id: '7be29e55fb0936827120249d400e6867') in 0.012018 seconds
  Import took 0.013893 seconds .

========================================================================
Received Prepare
Registering precompiled user dll's ...
Registered in 0.000562 seconds.
Begin MonoManager ReloadAssembly
Native extension for WindowsStandalone target not found
Native extension for WebGL target not found
Refreshing native plugins compatible for Editor in 0.21 ms, found 0 plugins.
Preloading 0 native plugins for Editor in 0.00 ms.
Invoked RoslynAnalysisRunner static constructor.
RoslynAnalysisRunner will not be running.
RoslynAnalysisRunner has terminated.
Mono: successfully reloaded assembly
- Completed reload, in  0.686 seconds
Platform modules already initialized, skipping
Refreshing native plugins compatible for Editor in 0.22 ms, found 0 plugins.
Preloading 0 native plugins for Editor in 0.00 ms.
Unloading 1153 Unused Serialized files (Serialized files now loaded: 0)
System memory in use before: 82.8 MB.
System memory in use after: 82.9 MB.

Unloading 5 unused Assets to reduce memory usage. Loaded Objects now: 1717.
Total: 1.501700 ms (FindLiveObjects: 0.163600 ms CreateObjectMapping: 0.043900 ms MarkObjects: 1.224600 ms  DeleteObjects: 0.068500 ms)

========================================================================
Received Import Request.
  Time since last request: 284.306094 seconds.
  path: Assets/GameElements/Resources/LevelBuilder.prefab
  artifactKey: Guid(3d0638e9f3979bc40a5bca2e4c2aac01) Importer(815301076,1909f56bfc062723c751e8b465ee728b)
Start importing Assets/GameElements/Resources/LevelBuilder.prefab using Guid(3d0638e9f3979bc40a5bca2e4c2aac01) Importer(815301076,1909f56bfc062723c751e8b465ee728b)  -> (artifact id: 'ccfdae7dcec063309565223d28c34ead') in 0.022862 seconds
  Import took 0.024785 seconds .

========================================================================
Received Import Request.
  Time since last request: 5.149411 seconds.
  path: Assets/GameElements/Resources/Item.prefab
  artifactKey: Guid(7e4793c3ad67883488219abcb82385c4) Importer(815301076,1909f56bfc062723c751e8b465ee728b)
Start importing Assets/GameElements/Resources/Item.prefab using Guid(7e4793c3ad67883488219abcb82385c4) Importer(815301076,1909f56bfc062723c751e8b465ee728b)  -> (artifact id: '3bf27697602b40b3f6759ab06e581ba1') in 0.033006 seconds
  Import took 0.034852 seconds .

========================================================================
Received Import Request.
  Time since last request: 1.509300 seconds.
  path: Assets/GameElements/Resources/Item.prefab
  artifactKey: Guid(7e4793c3ad67883488219abcb82385c4) Importer(815301076,1909f56bfc062723c751e8b465ee728b)
Start importing Assets/GameElements/Resources/Item.prefab using Guid(7e4793c3ad67883488219abcb82385c4) Importer(815301076,1909f56bfc062723c751e8b465ee728b)  -> (artifact id: '4178f839c862394a006e203e8c4d07f5') in 0.011517 seconds
  Import took 0.013415 seconds .

========================================================================
Received Import Request.
  Time since last request: 5.033751 seconds.
  path: Assets/GameElements/Resources/Item.prefab
  artifactKey: Guid(7e4793c3ad67883488219abcb82385c4) Importer(815301076,1909f56bfc062723c751e8b465ee728b)
Start importing Assets/GameElements/Resources/Item.prefab using Guid(7e4793c3ad67883488219abcb82385c4) Importer(815301076,1909f56bfc062723c751e8b465ee728b)  -> (artifact id: '435bebf943e90a6356cacf4771338e66') in 0.009430 seconds
  Import took 0.011302 seconds .

========================================================================
Received Prepare
Registering precompiled user dll's ...
Registered in 0.000502 seconds.
Begin MonoManager ReloadAssembly
Native extension for WindowsStandalone target not found
Native extension for WebGL target not found
Refreshing native plugins compatible for Editor in 0.22 ms, found 0 plugins.
Preloading 0 native plugins for Editor in 0.00 ms.
Invoked RoslynAnalysisRunner static constructor.
RoslynAnalysisRunner will not be running.
RoslynAnalysisRunner has terminated.
Mono: successfully reloaded assembly
- Completed reload, in  0.678 seconds
Platform modules already initialized, skipping
Refreshing native plugins compatible for Editor in 0.21 ms, found 0 plugins.
Preloading 0 native plugins for Editor in 0.00 ms.
Unloading 1153 Unused Serialized files (Serialized files now loaded: 0)
System memory in use before: 82.8 MB.
System memory in use after: 82.8 MB.

Unloading 5 unused Assets to reduce memory usage. Loaded Objects now: 1721.
Total: 1.478600 ms (FindLiveObjects: 0.143300 ms CreateObjectMapping: 0.036100 ms MarkObjects: 1.227600 ms  DeleteObjects: 0.070500 ms)

========================================================================
Received Prepare
Registering precompiled user dll's ...
Registered in 0.000554 seconds.
Begin MonoManager ReloadAssembly
Native extension for WindowsStandalone target not found
Native extension for WebGL target not found
Refreshing native plugins compatible for Editor in 0.21 ms, found 0 plugins.
Preloading 0 native plugins for Editor in 0.00 ms.
Invoked RoslynAnalysisRunner static constructor.
RoslynAnalysisRunner will not be running.
RoslynAnalysisRunner has terminated.
Mono: successfully reloaded assembly
- Completed reload, in  0.648 seconds
Platform modules already initialized, skipping
Refreshing native plugins compatible for Editor in 0.20 ms, found 0 plugins.
Preloading 0 native plugins for Editor in 0.00 ms.
Unloading 1153 Unused Serialized files (Serialized files now loaded: 0)
System memory in use before: 82.8 MB.
System memory in use after: 82.9 MB.

Unloading 5 unused Assets to reduce memory usage. Loaded Objects now: 1724.
Total: 1.421500 ms (FindLiveObjects: 0.144300 ms CreateObjectMapping: 0.034200 ms MarkObjects: 1.177000 ms  DeleteObjects: 0.065100 ms)

========================================================================
Received Import Request.
  Time since last request: 453.699503 seconds.
  path: Assets/Materials/Exit.mat
  artifactKey: Guid(d1eb6b6ab2f0dbc41820592338a40723) Importer(815301076,1909f56bfc062723c751e8b465ee728b)
Start importing Assets/Materials/Exit.mat using Guid(d1eb6b6ab2f0dbc41820592338a40723) Importer(815301076,1909f56bfc062723c751e8b465ee728b)  -> (artifact id: '1639d7188b723673187cffa697e0b14e') in 0.050397 seconds
  Import took 0.052238 seconds .

========================================================================
Received Import Request.
  Time since last request: 73.500705 seconds.
  path: Assets/GameElements/Resources/LevelExit.prefab
  artifactKey: Guid(728439a6a59457a45957288776a7cd3c) Importer(815301076,1909f56bfc062723c751e8b465ee728b)
Start importing Assets/GameElements/Resources/LevelExit.prefab using Guid(728439a6a59457a45957288776a7cd3c) Importer(815301076,1909f56bfc062723c751e8b465ee728b)  -> (artifact id: '6e598f133681301f7fe4c658b0ed1113') in 0.017546 seconds
  Import took 0.019509 seconds .

========================================================================
Received Import Request.
  Time since last request: 10.342647 seconds.
  path: Assets/GameElements/Resources/LevelExit.prefab
  artifactKey: Guid(728439a6a59457a45957288776a7cd3c) Importer(815301076,1909f56bfc062723c751e8b465ee728b)
Start importing Assets/GameElements/Resources/LevelExit.prefab using Guid(728439a6a59457a45957288776a7cd3c) Importer(815301076,1909f56bfc062723c751e8b465ee728b)  -> (artifact id: 'e4a8f0a875768643d1c5090d7bc0fa41') in 0.009060 seconds
  Import took 0.010957 seconds .

========================================================================
Received Import Request.
  Time since last request: 0.993031 seconds.
  path: Assets/GameElements/Resources/LevelExit.prefab
  artifactKey: Guid(728439a6a59457a45957288776a7cd3c) Importer(815301076,1909f56bfc062723c751e8b465ee728b)
Start importing Assets/GameElements/Resources/LevelExit.prefab using Guid(728439a6a59457a45957288776a7cd3c) Importer(815301076,1909f56bfc062723c751e8b465ee728b)  -> (artifact id: '73977c3244c9e74419b7c1ee9baf092a') in 0.009926 seconds
  Import took 0.012023 seconds .

========================================================================
Received Import Request.
  Time since last request: 9.708427 seconds.
  path: Assets/GameElements/Resources/LevelExit.prefab
  artifactKey: Guid(728439a6a59457a45957288776a7cd3c) Importer(815301076,1909f56bfc062723c751e8b465ee728b)
Start importing Assets/GameElements/Resources/LevelExit.prefab using Guid(728439a6a59457a45957288776a7cd3c) Importer(815301076,1909f56bfc062723c751e8b465ee728b)  -> (artifact id: '84fe515d036047a3a818696dd54dc1e1') in 0.006827 seconds
  Import took 0.009030 seconds .

========================================================================
Received Import Request.
  Time since last request: 7.061911 seconds.
  path: Assets/GameElements/Resources/LevelExit.prefab
  artifactKey: Guid(728439a6a59457a45957288776a7cd3c) Importer(815301076,1909f56bfc062723c751e8b465ee728b)
Start importing Assets/GameElements/Resources/LevelExit.prefab using Guid(728439a6a59457a45957288776a7cd3c) Importer(815301076,1909f56bfc062723c751e8b465ee728b)  -> (artifact id: 'de8b2d20b5fc2153dcccf003eb4c968f') in 0.009402 seconds
  Import took 0.011663 seconds .

========================================================================
Received Prepare
Registering precompiled user dll's ...
Registered in 0.000576 seconds.
Begin MonoManager ReloadAssembly
Native extension for WindowsStandalone target not found
Native extension for WebGL target not found
Refreshing native plugins compatible for Editor in 0.21 ms, found 0 plugins.
Preloading 0 native plugins for Editor in 0.00 ms.
Invoked RoslynAnalysisRunner static constructor.
RoslynAnalysisRunner will not be running.
RoslynAnalysisRunner has terminated.
Mono: successfully reloaded assembly
- Completed reload, in  0.660 seconds
Platform modules already initialized, skipping
Refreshing native plugins compatible for Editor in 0.20 ms, found 0 plugins.
Preloading 0 native plugins for Editor in 0.00 ms.
Unloading 1153 Unused Serialized files (Serialized files now loaded: 0)
System memory in use before: 82.8 MB.
System memory in use after: 82.9 MB.

Unloading 5 unused Assets to reduce memory usage. Loaded Objects now: 1728.
Total: 1.707500 ms (FindLiveObjects: 0.183500 ms CreateObjectMapping: 0.047700 ms MarkObjects: 1.404300 ms  DeleteObjects: 0.070700 ms)

========================================================================
Received Prepare
Registering precompiled user dll's ...
Registered in 0.000553 seconds.
Begin MonoManager ReloadAssembly
Native extension for WindowsStandalone target not found
Native extension for WebGL target not found
Refreshing native plugins compatible for Editor in 0.21 ms, found 0 plugins.
Preloading 0 native plugins for Editor in 0.00 ms.
Invoked RoslynAnalysisRunner static constructor.
RoslynAnalysisRunner will not be running.
RoslynAnalysisRunner has terminated.
Mono: successfully reloaded assembly
- Completed reload, in  0.656 seconds
Platform modules already initialized, skipping
Refreshing native plugins compatible for Editor in 0.21 ms, found 0 plugins.
Preloading 0 native plugins for Editor in 0.00 ms.
Unloading 1153 Unused Serialized files (Serialized files now loaded: 0)
System memory in use before: 82.8 MB.
System memory in use after: 82.9 MB.

Unloading 5 unused Assets to reduce memory usage. Loaded Objects now: 1731.
Total: 1.705900 ms (FindLiveObjects: 0.246900 ms CreateObjectMapping: 0.059900 ms MarkObjects: 1.321000 ms  DeleteObjects: 0.077000 ms)

========================================================================
Received Prepare
Registering precompiled user dll's ...
Registered in 0.000528 seconds.
Begin MonoManager ReloadAssembly
Native extension for WindowsStandalone target not found
Native extension for WebGL target not found
Refreshing native plugins compatible for Editor in 0.21 ms, found 0 plugins.
Preloading 0 native plugins for Editor in 0.00 ms.
Invoked RoslynAnalysisRunner static constructor.
RoslynAnalysisRunner will not be running.
RoslynAnalysisRunner has terminated.
Mono: successfully reloaded assembly
- Completed reload, in  0.666 seconds
Platform modules already initialized, skipping
Refreshing native plugins compatible for Editor in 0.21 ms, found 0 plugins.
Preloading 0 native plugins for Editor in 0.00 ms.
Unloading 1153 Unused Serialized files (Serialized files now loaded: 0)
System memory in use before: 82.8 MB.
System memory in use after: 82.9 MB.

Unloading 5 unused Assets to reduce memory usage. Loaded Objects now: 1734.
Total: 1.451700 ms (FindLiveObjects: 0.163000 ms CreateObjectMapping: 0.037100 ms MarkObjects: 1.187200 ms  DeleteObjects: 0.063800 ms)

========================================================================
Received Prepare
Registering precompiled user dll's ...
Registered in 0.000549 seconds.
Begin MonoManager ReloadAssembly
Native extension for WindowsStandalone target not found
Native extension for WebGL target not found
Refreshing native plugins compatible for Editor in 0.23 ms, found 0 plugins.
Preloading 0 native plugins for Editor in 0.00 ms.
Invoked RoslynAnalysisRunner static constructor.
RoslynAnalysisRunner will not be running.
RoslynAnalysisRunner has terminated.
Mono: successfully reloaded assembly
- Completed reload, in  0.819 seconds
Platform modules already initialized, skipping
Refreshing native plugins compatible for Editor in 0.21 ms, found 0 plugins.
Preloading 0 native plugins for Editor in 0.00 ms.
Unloading 1154 Unused Serialized files (Serialized files now loaded: 0)
System memory in use before: 82.8 MB.
System memory in use after: 82.9 MB.

Unloading 5 unused Assets to reduce memory usage. Loaded Objects now: 1738.
Total: 1.722900 ms (FindLiveObjects: 0.266200 ms CreateObjectMapping: 0.065500 ms MarkObjects: 1.305800 ms  DeleteObjects: 0.084200 ms)

========================================================================
Received Import Request.
  Time since last request: 466.065485 seconds.
  path: Assets/Scripts/MovingLight.cs
  artifactKey: Guid(fd7fb54d6f79c3140855e4cec38e31d5) Importer(815301076,1909f56bfc062723c751e8b465ee728b)
Start importing Assets/Scripts/MovingLight.cs using Guid(fd7fb54d6f79c3140855e4cec38e31d5) Importer(815301076,1909f56bfc062723c751e8b465ee728b)  -> (artifact id: '5115779a41933c29ba4497c7c4d61871') in 0.012517 seconds
  Import took 0.014775 seconds .

========================================================================
Received Prepare
Registering precompiled user dll's ...
Registered in 0.000518 seconds.
Begin MonoManager ReloadAssembly
Native extension for WindowsStandalone target not found
Native extension for WebGL target not found
Refreshing native plugins compatible for Editor in 0.21 ms, found 0 plugins.
Preloading 0 native plugins for Editor in 0.00 ms.
Invoked RoslynAnalysisRunner static constructor.
RoslynAnalysisRunner will not be running.
RoslynAnalysisRunner has terminated.
Mono: successfully reloaded assembly
- Completed reload, in  0.711 seconds
Platform modules already initialized, skipping
Refreshing native plugins compatible for Editor in 0.21 ms, found 0 plugins.
Preloading 0 native plugins for Editor in 0.00 ms.
Unloading 1154 Unused Serialized files (Serialized files now loaded: 0)
System memory in use before: 82.8 MB.
System memory in use after: 82.9 MB.

Unloading 5 unused Assets to reduce memory usage. Loaded Objects now: 1741.
Total: 1.554300 ms (FindLiveObjects: 0.160300 ms CreateObjectMapping: 0.040000 ms MarkObjects: 1.278400 ms  DeleteObjects: 0.074500 ms)

========================================================================
Received Prepare
Registering precompiled user dll's ...
Registered in 0.000585 seconds.
Begin MonoManager ReloadAssembly
Native extension for WindowsStandalone target not found
Native extension for WebGL target not found
Refreshing native plugins compatible for Editor in 0.20 ms, found 0 plugins.
Preloading 0 native plugins for Editor in 0.00 ms.
Invoked RoslynAnalysisRunner static constructor.
RoslynAnalysisRunner will not be running.
RoslynAnalysisRunner has terminated.
Mono: successfully reloaded assembly
- Completed reload, in  0.657 seconds
Platform modules already initialized, skipping
Refreshing native plugins compatible for Editor in 0.22 ms, found 0 plugins.
Preloading 0 native plugins for Editor in 0.00 ms.
Unloading 1154 Unused Serialized files (Serialized files now loaded: 0)
System memory in use before: 82.8 MB.
System memory in use after: 82.9 MB.

Unloading 5 unused Assets to reduce memory usage. Loaded Objects now: 1744.
Total: 1.513900 ms (FindLiveObjects: 0.181700 ms CreateObjectMapping: 0.039500 ms MarkObjects: 1.223300 ms  DeleteObjects: 0.068100 ms)

========================================================================
Received Import Request.
  Time since last request: 422.415101 seconds.
  path: Assets/Scripts/MovingLight.cs
  artifactKey: Guid(fd7fb54d6f79c3140855e4cec38e31d5) Importer(815301076,1909f56bfc062723c751e8b465ee728b)
Start importing Assets/Scripts/MovingLight.cs using Guid(fd7fb54d6f79c3140855e4cec38e31d5) Importer(815301076,1909f56bfc062723c751e8b465ee728b)  -> (artifact id: '0a68d85bd48e1dd8b09c8c017b97c556') in 0.003628 seconds
  Import took 0.006954 seconds .

========================================================================
Received Prepare
Registering precompiled user dll's ...
Registered in 0.000626 seconds.
Begin MonoManager ReloadAssembly
Native extension for WindowsStandalone target not found
Native extension for WebGL target not found
Refreshing native plugins compatible for Editor in 0.21 ms, found 0 plugins.
Preloading 0 native plugins for Editor in 0.00 ms.
Invoked RoslynAnalysisRunner static constructor.
RoslynAnalysisRunner will not be running.
RoslynAnalysisRunner has terminated.
Mono: successfully reloaded assembly
- Completed reload, in  0.672 seconds
Platform modules already initialized, skipping
Refreshing native plugins compatible for Editor in 0.21 ms, found 0 plugins.
Preloading 0 native plugins for Editor in 0.00 ms.
Unloading 1154 Unused Serialized files (Serialized files now loaded: 0)
System memory in use before: 82.9 MB.
System memory in use after: 82.9 MB.

Unloading 5 unused Assets to reduce memory usage. Loaded Objects now: 1747.
Total: 1.629700 ms (FindLiveObjects: 0.150000 ms CreateObjectMapping: 0.038700 ms MarkObjects: 1.373600 ms  DeleteObjects: 0.066500 ms)

========================================================================
Received Import Request.
  Time since last request: 216.181878 seconds.
  path: Assets/GameElements/Resources/LevelExit.prefab
  artifactKey: Guid(728439a6a59457a45957288776a7cd3c) Importer(815301076,1909f56bfc062723c751e8b465ee728b)
Start importing Assets/GameElements/Resources/LevelExit.prefab using Guid(728439a6a59457a45957288776a7cd3c) Importer(815301076,1909f56bfc062723c751e8b465ee728b)  -> (artifact id: '8f5dc449281139b8f064a9e205596e89') in 0.047340 seconds
  Import took 0.049240 seconds .

========================================================================
Received Prepare
Registering precompiled user dll's ...
Registered in 0.000546 seconds.
Begin MonoManager ReloadAssembly
Native extension for WindowsStandalone target not found
Native extension for WebGL target not found
Refreshing native plugins compatible for Editor in 0.22 ms, found 0 plugins.
Preloading 0 native plugins for Editor in 0.00 ms.
Invoked RoslynAnalysisRunner static constructor.
RoslynAnalysisRunner will not be running.
RoslynAnalysisRunner has terminated.
Mono: successfully reloaded assembly
- Completed reload, in  0.687 seconds
Platform modules already initialized, skipping
Refreshing native plugins compatible for Editor in 0.20 ms, found 0 plugins.
Preloading 0 native plugins for Editor in 0.00 ms.
Unloading 1154 Unused Serialized files (Serialized files now loaded: 0)
System memory in use before: 82.9 MB.
System memory in use after: 82.9 MB.

Unloading 5 unused Assets to reduce memory usage. Loaded Objects now: 1751.
Total: 1.443300 ms (FindLiveObjects: 0.147900 ms CreateObjectMapping: 0.039000 ms MarkObjects: 1.188900 ms  DeleteObjects: 0.066700 ms)

========================================================================
Received Prepare
Registering precompiled user dll's ...
Registered in 0.000544 seconds.
Begin MonoManager ReloadAssembly
Native extension for WindowsStandalone target not found
Native extension for WebGL target not found
Refreshing native plugins compatible for Editor in 0.21 ms, found 0 plugins.
Preloading 0 native plugins for Editor in 0.00 ms.
Invoked RoslynAnalysisRunner static constructor.
RoslynAnalysisRunner will not be running.
RoslynAnalysisRunner has terminated.
Mono: successfully reloaded assembly
- Completed reload, in  0.795 seconds
Platform modules already initialized, skipping
Refreshing native plugins compatible for Editor in 0.21 ms, found 0 plugins.
Preloading 0 native plugins for Editor in 0.00 ms.
Unloading 1153 Unused Serialized files (Serialized files now loaded: 0)
System memory in use before: 82.8 MB.
System memory in use after: 82.9 MB.

Unloading 6 unused Assets to reduce memory usage. Loaded Objects now: 1753.
Total: 2.148200 ms (FindLiveObjects: 0.233000 ms CreateObjectMapping: 0.063600 ms MarkObjects: 1.762600 ms  DeleteObjects: 0.087400 ms)

========================================================================
Received Prepare
Registering precompiled user dll's ...
Registered in 0.000506 seconds.
Begin MonoManager ReloadAssembly
Native extension for WindowsStandalone target not found
Native extension for WebGL target not found
Refreshing native plugins compatible for Editor in 0.21 ms, found 0 plugins.
Preloading 0 native plugins for Editor in 0.00 ms.
Invoked RoslynAnalysisRunner static constructor.
RoslynAnalysisRunner will not be running.
RoslynAnalysisRunner has terminated.
Mono: successfully reloaded assembly
- Completed reload, in  0.723 seconds
Platform modules already initialized, skipping
Refreshing native plugins compatible for Editor in 0.20 ms, found 0 plugins.
Preloading 0 native plugins for Editor in 0.00 ms.
Unloading 1153 Unused Serialized files (Serialized files now loaded: 0)
System memory in use before: 82.8 MB.
System memory in use after: 82.9 MB.

Unloading 5 unused Assets to reduce memory usage. Loaded Objects now: 1756.
Total: 1.456100 ms (FindLiveObjects: 0.156500 ms CreateObjectMapping: 0.033000 ms MarkObjects: 1.198200 ms  DeleteObjects: 0.067200 ms)

========================================================================
Received Prepare
Registering precompiled user dll's ...
Registered in 0.000536 seconds.
Begin MonoManager ReloadAssembly
Native extension for WindowsStandalone target not found
Native extension for WebGL target not found
Refreshing native plugins compatible for Editor in 0.21 ms, found 0 plugins.
Preloading 0 native plugins for Editor in 0.00 ms.
Invoked RoslynAnalysisRunner static constructor.
RoslynAnalysisRunner will not be running.
RoslynAnalysisRunner has terminated.
Mono: successfully reloaded assembly
- Completed reload, in  0.665 seconds
Platform modules already initialized, skipping
Refreshing native plugins compatible for Editor in 0.21 ms, found 0 plugins.
Preloading 0 native plugins for Editor in 0.00 ms.
Unloading 1153 Unused Serialized files (Serialized files now loaded: 0)
System memory in use before: 82.9 MB.
System memory in use after: 82.9 MB.

Unloading 5 unused Assets to reduce memory usage. Loaded Objects now: 1759.
Total: 1.641600 ms (FindLiveObjects: 0.224900 ms CreateObjectMapping: 0.050700 ms MarkObjects: 1.299300 ms  DeleteObjects: 0.065800 ms)

========================================================================
Received Prepare
Registering precompiled user dll's ...
Registered in 0.000611 seconds.
Begin MonoManager ReloadAssembly
Native extension for WindowsStandalone target not found
Native extension for WebGL target not found
Refreshing native plugins compatible for Editor in 0.20 ms, found 0 plugins.
Preloading 0 native plugins for Editor in 0.00 ms.
Invoked RoslynAnalysisRunner static constructor.
RoslynAnalysisRunner will not be running.
RoslynAnalysisRunner has terminated.
Mono: successfully reloaded assembly
- Completed reload, in  0.663 seconds
Platform modules already initialized, skipping
Refreshing native plugins compatible for Editor in 0.20 ms, found 0 plugins.
Preloading 0 native plugins for Editor in 0.00 ms.
Unloading 1153 Unused Serialized files (Serialized files now loaded: 0)
System memory in use before: 82.9 MB.
System memory in use after: 83.0 MB.

Unloading 5 unused Assets to reduce memory usage. Loaded Objects now: 1762.
Total: 1.422400 ms (FindLiveObjects: 0.152200 ms CreateObjectMapping: 0.037300 ms MarkObjects: 1.168000 ms  DeleteObjects: 0.064000 ms)

========================================================================
Received Import Request.
  Time since last request: 513.038442 seconds.
  path: Assets/GameElements/Resources/MazeFloor.prefab
  artifactKey: Guid(74f5d76684006f947891b0fb7591aa8a) Importer(815301076,1909f56bfc062723c751e8b465ee728b)
Start importing Assets/GameElements/Resources/MazeFloor.prefab using Guid(74f5d76684006f947891b0fb7591aa8a) Importer(815301076,1909f56bfc062723c751e8b465ee728b)  -> (artifact id: '31e3a36c2a043c8ec1baa7e8c54e4b64') in 0.049349 seconds
  Import took 0.051309 seconds .

========================================================================
Received Prepare
Registering precompiled user dll's ...
Registered in 0.000570 seconds.
Begin MonoManager ReloadAssembly
Native extension for WindowsStandalone target not found
Native extension for WebGL target not found
Refreshing native plugins compatible for Editor in 0.21 ms, found 0 plugins.
Preloading 0 native plugins for Editor in 0.00 ms.
Invoked RoslynAnalysisRunner static constructor.
RoslynAnalysisRunner will not be running.
RoslynAnalysisRunner has terminated.
Mono: successfully reloaded assembly
- Completed reload, in  0.676 seconds
Platform modules already initialized, skipping
Refreshing native plugins compatible for Editor in 0.20 ms, found 0 plugins.
Preloading 0 native plugins for Editor in 0.00 ms.
Unloading 1153 Unused Serialized files (Serialized files now loaded: 0)
System memory in use before: 83.0 MB.
System memory in use after: 83.0 MB.

Unloading 5 unused Assets to reduce memory usage. Loaded Objects now: 1767.
Total: 1.402100 ms (FindLiveObjects: 0.137800 ms CreateObjectMapping: 0.034000 ms MarkObjects: 1.167200 ms  DeleteObjects: 0.062100 ms)

========================================================================
Received Import Request.
  Time since last request: 19.075249 seconds.
  path: Assets/GameElements/Resources/MazeFloor.prefab
  artifactKey: Guid(74f5d76684006f947891b0fb7591aa8a) Importer(815301076,1909f56bfc062723c751e8b465ee728b)
Start importing Assets/GameElements/Resources/MazeFloor.prefab using Guid(74f5d76684006f947891b0fb7591aa8a) Importer(815301076,1909f56bfc062723c751e8b465ee728b)  -> (artifact id: '66383a197104ac58abb5722b4adcf6cb') in 0.044973 seconds
  Import took 0.046815 seconds .

========================================================================
Received Prepare
Registering precompiled user dll's ...
Registered in 0.000530 seconds.
Begin MonoManager ReloadAssembly
Native extension for WindowsStandalone target not found
Native extension for WebGL target not found
Refreshing native plugins compatible for Editor in 0.20 ms, found 0 plugins.
Preloading 0 native plugins for Editor in 0.00 ms.
Invoked RoslynAnalysisRunner static constructor.
RoslynAnalysisRunner will not be running.
RoslynAnalysisRunner has terminated.
Mono: successfully reloaded assembly
- Completed reload, in  0.673 seconds
Platform modules already initialized, skipping
Refreshing native plugins compatible for Editor in 0.21 ms, found 0 plugins.
Preloading 0 native plugins for Editor in 0.00 ms.
Unloading 1153 Unused Serialized files (Serialized files now loaded: 0)
System memory in use before: 83.0 MB.
System memory in use after: 83.1 MB.

Unloading 5 unused Assets to reduce memory usage. Loaded Objects now: 1771.
Total: 1.600200 ms (FindLiveObjects: 0.171800 ms CreateObjectMapping: 0.044900 ms MarkObjects: 1.313000 ms  DeleteObjects: 0.069300 ms)

========================================================================
Received Prepare
Registering precompiled user dll's ...
Registered in 0.000497 seconds.
Begin MonoManager ReloadAssembly
Native extension for WindowsStandalone target not found
Native extension for WebGL target not found
Refreshing native plugins compatible for Editor in 0.21 ms, found 0 plugins.
Preloading 0 native plugins for Editor in 0.00 ms.
Invoked RoslynAnalysisRunner static constructor.
RoslynAnalysisRunner will not be running.
RoslynAnalysisRunner has terminated.
Mono: successfully reloaded assembly
- Completed reload, in  0.676 seconds
Platform modules already initialized, skipping
Refreshing native plugins compatible for Editor in 0.20 ms, found 0 plugins.
Preloading 0 native plugins for Editor in 0.00 ms.
Unloading 1153 Unused Serialized files (Serialized files now loaded: 0)
System memory in use before: 83.0 MB.
System memory in use after: 83.1 MB.

Unloading 5 unused Assets to reduce memory usage. Loaded Objects now: 1774.
Total: 1.481100 ms (FindLiveObjects: 0.154300 ms CreateObjectMapping: 0.037100 ms MarkObjects: 1.222000 ms  DeleteObjects: 0.066800 ms)

========================================================================
Received Prepare
Registering precompiled user dll's ...
Registered in 0.000563 seconds.
Begin MonoManager ReloadAssembly
Native extension for WindowsStandalone target not found
Native extension for WebGL target not found
Refreshing native plugins compatible for Editor in 0.22 ms, found 0 plugins.
Preloading 0 native plugins for Editor in 0.00 ms.
Invoked RoslynAnalysisRunner static constructor.
RoslynAnalysisRunner will not be running.
RoslynAnalysisRunner has terminated.
Mono: successfully reloaded assembly
- Completed reload, in  0.661 seconds
Platform modules already initialized, skipping
Refreshing native plugins compatible for Editor in 0.21 ms, found 0 plugins.
Preloading 0 native plugins for Editor in 0.00 ms.
Unloading 1153 Unused Serialized files (Serialized files now loaded: 0)
System memory in use before: 83.0 MB.
System memory in use after: 83.1 MB.

Unloading 5 unused Assets to reduce memory usage. Loaded Objects now: 1777.
Total: 1.509400 ms (FindLiveObjects: 0.166600 ms CreateObjectMapping: 0.041100 ms MarkObjects: 1.232800 ms  DeleteObjects: 0.068000 ms)

========================================================================
Received Prepare
Registering precompiled user dll's ...
Registered in 0.000624 seconds.
Begin MonoManager ReloadAssembly
Native extension for WindowsStandalone target not found
Native extension for WebGL target not found
Refreshing native plugins compatible for Editor in 0.22 ms, found 0 plugins.
Preloading 0 native plugins for Editor in 0.00 ms.
Invoked RoslynAnalysisRunner static constructor.
RoslynAnalysisRunner will not be running.
RoslynAnalysisRunner has terminated.
Mono: successfully reloaded assembly
- Completed reload, in  0.697 seconds
Platform modules already initialized, skipping
Refreshing native plugins compatible for Editor in 0.22 ms, found 0 plugins.
Preloading 0 native plugins for Editor in 0.00 ms.
Unloading 1153 Unused Serialized files (Serialized files now loaded: 0)
System memory in use before: 83.0 MB.
System memory in use after: 83.1 MB.

Unloading 5 unused Assets to reduce memory usage. Loaded Objects now: 1780.
Total: 1.705500 ms (FindLiveObjects: 0.229100 ms CreateObjectMapping: 0.058900 ms MarkObjects: 1.348700 ms  DeleteObjects: 0.067200 ms)

========================================================================
Received Prepare
Registering precompiled user dll's ...
Registered in 0.000544 seconds.
Begin MonoManager ReloadAssembly
Native extension for WindowsStandalone target not found
Native extension for WebGL target not found
Refreshing native plugins compatible for Editor in 0.20 ms, found 0 plugins.
Preloading 0 native plugins for Editor in 0.00 ms.
Invoked RoslynAnalysisRunner static constructor.
RoslynAnalysisRunner will not be running.
RoslynAnalysisRunner has terminated.
Mono: successfully reloaded assembly
- Completed reload, in  0.661 seconds
Platform modules already initialized, skipping
Refreshing native plugins compatible for Editor in 0.20 ms, found 0 plugins.
Preloading 0 native plugins for Editor in 0.00 ms.
Unloading 1153 Unused Serialized files (Serialized files now loaded: 0)
System memory in use before: 83.0 MB.
System memory in use after: 83.1 MB.

Unloading 5 unused Assets to reduce memory usage. Loaded Objects now: 1783.
Total: 1.420200 ms (FindLiveObjects: 0.151900 ms CreateObjectMapping: 0.036200 ms MarkObjects: 1.165600 ms  DeleteObjects: 0.065500 ms)

========================================================================
Received Prepare
Registering precompiled user dll's ...
Registered in 0.000516 seconds.
Begin MonoManager ReloadAssembly
Native extension for WindowsStandalone target not found
Native extension for WebGL target not found
Refreshing native plugins compatible for Editor in 0.20 ms, found 0 plugins.
Preloading 0 native plugins for Editor in 0.00 ms.
Invoked RoslynAnalysisRunner static constructor.
RoslynAnalysisRunner will not be running.
RoslynAnalysisRunner has terminated.
Mono: successfully reloaded assembly
- Completed reload, in  0.661 seconds
Platform modules already initialized, skipping
Refreshing native plugins compatible for Editor in 0.21 ms, found 0 plugins.
Preloading 0 native plugins for Editor in 0.00 ms.
Unloading 1153 Unused Serialized files (Serialized files now loaded: 0)
System memory in use before: 83.0 MB.
System memory in use after: 83.1 MB.

Unloading 5 unused Assets to reduce memory usage. Loaded Objects now: 1786.
Total: 1.438500 ms (FindLiveObjects: 0.159200 ms CreateObjectMapping: 0.034400 ms MarkObjects: 1.175900 ms  DeleteObjects: 0.068000 ms)

========================================================================
Received Prepare
Registering precompiled user dll's ...
Registered in 0.000517 seconds.
Begin MonoManager ReloadAssembly
Native extension for WindowsStandalone target not found
Native extension for WebGL target not found
Refreshing native plugins compatible for Editor in 0.21 ms, found 0 plugins.
Preloading 0 native plugins for Editor in 0.00 ms.
Invoked RoslynAnalysisRunner static constructor.
RoslynAnalysisRunner will not be running.
RoslynAnalysisRunner has terminated.
Mono: successfully reloaded assembly
- Completed reload, in  0.672 seconds
Platform modules already initialized, skipping
Refreshing native plugins compatible for Editor in 0.21 ms, found 0 plugins.
Preloading 0 native plugins for Editor in 0.00 ms.
Unloading 1153 Unused Serialized files (Serialized files now loaded: 0)
System memory in use before: 83.0 MB.
System memory in use after: 83.1 MB.

Unloading 5 unused Assets to reduce memory usage. Loaded Objects now: 1789.
Total: 1.465200 ms (FindLiveObjects: 0.162100 ms CreateObjectMapping: 0.037800 ms MarkObjects: 1.199200 ms  DeleteObjects: 0.065300 ms)

AssetImportWorkerClient::OnTransportError - code=2 error=End of file
